<?xml version="1.0" encoding="utf-8"?>
<CoverageSession xmlns:xsd="http://www.w3.org/2001/XMLSchema" xmlns:xsi="http://www.w3.org/2001/XMLSchema-instance" Version="4.6.0.0">
  <Summary numSequencePoints="199" visitedSequencePoints="12" numBranchPoints="21" visitedBranchPoints="1" sequenceCoverage="6.03" branchCoverage="4.76" maxCyclomaticComplexity="4" minCyclomaticComplexity="0" maxCrapScore="20" minCrapScore="0" visitedClasses="1" numClasses="4" visitedMethods="1" numMethods="19" />
  <Modules>
    <Module hash="EC-91-8A-B8-8B-FB-60-69-97-A5-C8-E4-BD-28-C1-55-9F-76-9E-F1">
      <Summary numSequencePoints="199" visitedSequencePoints="12" numBranchPoints="21" visitedBranchPoints="1" sequenceCoverage="6.03" branchCoverage="4.76" maxCyclomaticComplexity="4" minCyclomaticComplexity="0" maxCrapScore="20" minCrapScore="0" visitedClasses="1" numClasses="4" visitedMethods="1" numMethods="19" />
      <ModulePath>D:\Users\Documents\Projects\.Net-Labs\Lab2-2\UnitTestProject\bin\Debug\UnitTestProject.dll</ModulePath>
      <ModuleTime>2018-04-11T10:50:29.3294173Z</ModuleTime>
      <ModuleName>UnitTestProject</ModuleName>
      <Files>
        <File uid="1" fullPath="D:\Users\Documents\Projects\.Net-Labs\Lab2-2\UnitTestProject\UnitTest1.cs" />
      </Files>
      <Classes>
        <Class>
          <Summary numSequencePoints="196" visitedSequencePoints="12" numBranchPoints="18" visitedBranchPoints="1" sequenceCoverage="6.12" branchCoverage="5.56" maxCyclomaticComplexity="4" minCyclomaticComplexity="1" maxCrapScore="20" minCrapScore="2" visitedClasses="1" numClasses="1" visitedMethods="1" numMethods="16" />
          <FullName>Lab2_2.UnitTestProject1.MyQueueTests</FullName>
          <Methods>
            <Method visited="true" cyclomaticComplexity="2" nPathComplexity="0" sequenceCoverage="100" branchCoverage="100" crapScore="2" isConstructor="false" isStatic="false" isGetter="false" isSetter="false">
              <Summary numSequencePoints="12" visitedSequencePoints="12" numBranchPoints="1" visitedBranchPoints="1" sequenceCoverage="100" branchCoverage="100" maxCyclomaticComplexity="2" minCyclomaticComplexity="2" maxCrapScore="2" minCrapScore="2" visitedClasses="0" numClasses="0" visitedMethods="1" numMethods="1" />
              <MetadataToken>100663297</MetadataToken>
              <Name>System.Void Lab2_2.UnitTestProject1.MyQueueTests::Add_ItemsAddToQueue_ContainsAllElementCollection()</Name>
              <FileRef uid="1" />
              <SequencePoints>
                <SequencePoint vc="1" uspid="1" ordinal="0" offset="0" sl="12" sc="9" el="12" ec="10" bec="0" bev="0" fileid="1">
                  <TrackedMethodRefs>
                    <TrackedMethodRef uid="1" vc="1" />
                  </TrackedMethodRefs>
                </SequencePoint>
                <SequencePoint vc="1" uspid="2" ordinal="1" offset="1" sl="13" sc="13" el="13" ec="40" bec="0" bev="0" fileid="1">
                  <TrackedMethodRefs>
                    <TrackedMethodRef uid="1" vc="1" />
                  </TrackedMethodRefs>
                </SequencePoint>
                <SequencePoint vc="1" uspid="3" ordinal="2" offset="7" sl="14" sc="13" el="14" ec="35" bec="0" bev="0" fileid="1">
                  <TrackedMethodRefs>
                    <TrackedMethodRef uid="1" vc="1" />
                  </TrackedMethodRefs>
                </SequencePoint>
                <SequencePoint vc="1" uspid="4" ordinal="3" offset="25" sl="15" sc="13" el="15" ec="20" bec="0" bev="0" fileid="1">
                  <TrackedMethodRefs>
                    <TrackedMethodRef uid="1" vc="1" />
                  </TrackedMethodRefs>
                </SequencePoint>
                <SequencePoint vc="1" uspid="5" ordinal="4" offset="26" sl="15" sc="34" el="15" ec="35" bec="0" bev="0" fileid="1">
                  <TrackedMethodRefs>
                    <TrackedMethodRef uid="1" vc="1" />
                  </TrackedMethodRefs>
                </SequencePoint>
                <SequencePoint vc="3" uspid="6" ordinal="5" offset="32" sl="15" sc="22" el="15" ec="30" bec="0" bev="0" fileid="1">
                  <TrackedMethodRefs>
                    <TrackedMethodRef uid="1" vc="3" />
                  </TrackedMethodRefs>
                </SequencePoint>
                <SequencePoint vc="3" uspid="7" ordinal="6" offset="37" sl="16" sc="13" el="16" ec="14" bec="0" bev="0" fileid="1">
                  <TrackedMethodRefs>
                    <TrackedMethodRef uid="1" vc="3" />
                  </TrackedMethodRefs>
                </SequencePoint>
                <SequencePoint vc="3" uspid="8" ordinal="7" offset="38" sl="17" sc="17" el="17" ec="29" bec="0" bev="0" fileid="1">
                  <TrackedMethodRefs>
                    <TrackedMethodRef uid="1" vc="3" />
                  </TrackedMethodRefs>
                </SequencePoint>
                <SequencePoint vc="3" uspid="9" ordinal="8" offset="47" sl="18" sc="13" el="18" ec="14" bec="0" bev="0" fileid="1">
                  <TrackedMethodRefs>
                    <TrackedMethodRef uid="1" vc="3" />
                  </TrackedMethodRefs>
                </SequencePoint>
                <SequencePoint vc="4" uspid="10" ordinal="9" offset="52" sl="15" sc="31" el="15" ec="33" bec="0" bev="0" fileid="1">
                  <TrackedMethodRefs>
                    <TrackedMethodRef uid="1" vc="4" />
                  </TrackedMethodRefs>
                </SequencePoint>
                <SequencePoint vc="1" uspid="11" ordinal="10" offset="58" sl="19" sc="13" el="19" ec="41" bec="0" bev="0" fileid="1">
                  <TrackedMethodRefs>
                    <TrackedMethodRef uid="1" vc="1" />
                  </TrackedMethodRefs>
                </SequencePoint>
                <SequencePoint vc="1" uspid="12" ordinal="11" offset="81" sl="20" sc="9" el="20" ec="10" bec="0" bev="0" fileid="1">
                  <TrackedMethodRefs>
                    <TrackedMethodRef uid="1" vc="1" />
                  </TrackedMethodRefs>
                </SequencePoint>
              </SequencePoints>
              <BranchPoints />
              <MethodPoint xsi:type="SequencePoint" vc="1" uspid="1" ordinal="0" offset="0" sl="12" sc="9" el="12" ec="10" bec="0" bev="0" fileid="1">
                <TrackedMethodRefs>
                  <TrackedMethodRef uid="1" vc="1" />
                </TrackedMethodRefs>
              </MethodPoint>
            </Method>
            <Method visited="false" cyclomaticComplexity="2" nPathComplexity="0" sequenceCoverage="0" branchCoverage="0" crapScore="6" isConstructor="false" isStatic="false" isGetter="false" isSetter="false">
              <Summary numSequencePoints="13" visitedSequencePoints="0" numBranchPoints="1" visitedBranchPoints="0" sequenceCoverage="0" branchCoverage="0" maxCyclomaticComplexity="2" minCyclomaticComplexity="2" maxCrapScore="6" minCrapScore="6" visitedClasses="0" numClasses="0" visitedMethods="0" numMethods="1" />
              <MetadataToken>100663298</MetadataToken>
              <Name>System.Void Lab2_2.UnitTestProject1.MyQueueTests::ClearTest()</Name>
              <FileRef uid="1" />
              <SequencePoints>
                <SequencePoint vc="0" uspid="15" ordinal="0" offset="0" sl="24" sc="9" el="24" ec="10" bec="0" bev="0" fileid="1" />
                <SequencePoint vc="0" uspid="16" ordinal="1" offset="1" sl="25" sc="13" el="25" ec="40" bec="0" bev="0" fileid="1" />
                <SequencePoint vc="0" uspid="17" ordinal="2" offset="7" sl="26" sc="13" el="26" ec="35" bec="0" bev="0" fileid="1" />
                <SequencePoint vc="0" uspid="18" ordinal="3" offset="25" sl="27" sc="13" el="27" ec="20" bec="0" bev="0" fileid="1" />
                <SequencePoint vc="0" uspid="19" ordinal="4" offset="26" sl="27" sc="34" el="27" ec="35" bec="0" bev="0" fileid="1" />
                <SequencePoint vc="0" uspid="20" ordinal="5" offset="32" sl="27" sc="22" el="27" ec="30" bec="0" bev="0" fileid="1" />
                <SequencePoint vc="0" uspid="21" ordinal="6" offset="37" sl="28" sc="13" el="28" ec="14" bec="0" bev="0" fileid="1" />
                <SequencePoint vc="0" uspid="22" ordinal="7" offset="38" sl="29" sc="17" el="29" ec="29" bec="0" bev="0" fileid="1" />
                <SequencePoint vc="0" uspid="23" ordinal="8" offset="47" sl="30" sc="13" el="30" ec="14" bec="0" bev="0" fileid="1" />
                <SequencePoint vc="0" uspid="24" ordinal="9" offset="52" sl="27" sc="31" el="27" ec="33" bec="0" bev="0" fileid="1" />
                <SequencePoint vc="0" uspid="25" ordinal="10" offset="58" sl="31" sc="13" el="31" ec="23" bec="0" bev="0" fileid="1" />
                <SequencePoint vc="0" uspid="26" ordinal="11" offset="65" sl="32" sc="13" el="32" ec="41" bec="0" bev="0" fileid="1" />
                <SequencePoint vc="0" uspid="27" ordinal="12" offset="88" sl="33" sc="9" el="33" ec="10" bec="0" bev="0" fileid="1" />
              </SequencePoints>
              <BranchPoints />
              <MethodPoint xsi:type="SequencePoint" vc="0" uspid="15" ordinal="0" offset="0" sl="24" sc="9" el="24" ec="10" bec="0" bev="0" fileid="1" />
            </Method>
            <Method visited="false" cyclomaticComplexity="2" nPathComplexity="0" sequenceCoverage="0" branchCoverage="0" crapScore="6" isConstructor="false" isStatic="false" isGetter="false" isSetter="false">
              <Summary numSequencePoints="12" visitedSequencePoints="0" numBranchPoints="1" visitedBranchPoints="0" sequenceCoverage="0" branchCoverage="0" maxCyclomaticComplexity="2" minCyclomaticComplexity="2" maxCrapScore="6" minCrapScore="6" visitedClasses="0" numClasses="0" visitedMethods="0" numMethods="1" />
              <MetadataToken>100663299</MetadataToken>
              <Name>System.Void Lab2_2.UnitTestProject1.MyQueueTests::Contains_ItemIsContainInQueue_True()</Name>
              <FileRef uid="1" />
              <SequencePoints>
                <SequencePoint vc="0" uspid="30" ordinal="0" offset="0" sl="37" sc="9" el="37" ec="10" bec="0" bev="0" fileid="1" />
                <SequencePoint vc="0" uspid="31" ordinal="1" offset="1" sl="38" sc="13" el="38" ec="40" bec="0" bev="0" fileid="1" />
                <SequencePoint vc="0" uspid="32" ordinal="2" offset="7" sl="39" sc="13" el="39" ec="35" bec="0" bev="0" fileid="1" />
                <SequencePoint vc="0" uspid="33" ordinal="3" offset="25" sl="40" sc="13" el="40" ec="20" bec="0" bev="0" fileid="1" />
                <SequencePoint vc="0" uspid="34" ordinal="4" offset="26" sl="40" sc="34" el="40" ec="35" bec="0" bev="0" fileid="1" />
                <SequencePoint vc="0" uspid="35" ordinal="5" offset="32" sl="40" sc="22" el="40" ec="30" bec="0" bev="0" fileid="1" />
                <SequencePoint vc="0" uspid="36" ordinal="6" offset="37" sl="41" sc="13" el="41" ec="14" bec="0" bev="0" fileid="1" />
                <SequencePoint vc="0" uspid="37" ordinal="7" offset="38" sl="42" sc="17" el="42" ec="29" bec="0" bev="0" fileid="1" />
                <SequencePoint vc="0" uspid="38" ordinal="8" offset="47" sl="43" sc="13" el="43" ec="14" bec="0" bev="0" fileid="1" />
                <SequencePoint vc="0" uspid="39" ordinal="9" offset="52" sl="40" sc="31" el="40" ec="33" bec="0" bev="0" fileid="1" />
                <SequencePoint vc="0" uspid="40" ordinal="10" offset="58" sl="44" sc="13" el="44" ec="50" bec="0" bev="0" fileid="1" />
                <SequencePoint vc="0" uspid="41" ordinal="11" offset="82" sl="45" sc="9" el="45" ec="10" bec="0" bev="0" fileid="1" />
              </SequencePoints>
              <BranchPoints />
              <MethodPoint xsi:type="SequencePoint" vc="0" uspid="30" ordinal="0" offset="0" sl="37" sc="9" el="37" ec="10" bec="0" bev="0" fileid="1" />
            </Method>
            <Method visited="false" cyclomaticComplexity="2" nPathComplexity="0" sequenceCoverage="0" branchCoverage="0" crapScore="6" isConstructor="false" isStatic="false" isGetter="false" isSetter="false">
              <Summary numSequencePoints="12" visitedSequencePoints="0" numBranchPoints="1" visitedBranchPoints="0" sequenceCoverage="0" branchCoverage="0" maxCyclomaticComplexity="2" minCyclomaticComplexity="2" maxCrapScore="6" minCrapScore="6" visitedClasses="0" numClasses="0" visitedMethods="0" numMethods="1" />
              <MetadataToken>100663300</MetadataToken>
              <Name>System.Void Lab2_2.UnitTestProject1.MyQueueTests::Contains_ItemIsNotContainInQueue_False()</Name>
              <FileRef uid="1" />
              <SequencePoints>
                <SequencePoint vc="0" uspid="44" ordinal="0" offset="0" sl="49" sc="9" el="49" ec="10" bec="0" bev="0" fileid="1" />
                <SequencePoint vc="0" uspid="45" ordinal="1" offset="1" sl="50" sc="13" el="50" ec="40" bec="0" bev="0" fileid="1" />
                <SequencePoint vc="0" uspid="46" ordinal="2" offset="7" sl="51" sc="13" el="51" ec="35" bec="0" bev="0" fileid="1" />
                <SequencePoint vc="0" uspid="47" ordinal="3" offset="25" sl="52" sc="13" el="52" ec="20" bec="0" bev="0" fileid="1" />
                <SequencePoint vc="0" uspid="48" ordinal="4" offset="26" sl="52" sc="34" el="52" ec="35" bec="0" bev="0" fileid="1" />
                <SequencePoint vc="0" uspid="49" ordinal="5" offset="32" sl="52" sc="22" el="52" ec="30" bec="0" bev="0" fileid="1" />
                <SequencePoint vc="0" uspid="50" ordinal="6" offset="37" sl="53" sc="13" el="53" ec="14" bec="0" bev="0" fileid="1" />
                <SequencePoint vc="0" uspid="51" ordinal="7" offset="38" sl="54" sc="17" el="54" ec="29" bec="0" bev="0" fileid="1" />
                <SequencePoint vc="0" uspid="52" ordinal="8" offset="47" sl="55" sc="13" el="55" ec="14" bec="0" bev="0" fileid="1" />
                <SequencePoint vc="0" uspid="53" ordinal="9" offset="52" sl="52" sc="31" el="52" ec="33" bec="0" bev="0" fileid="1" />
                <SequencePoint vc="0" uspid="54" ordinal="10" offset="58" sl="56" sc="13" el="56" ec="51" bec="0" bev="0" fileid="1" />
                <SequencePoint vc="0" uspid="55" ordinal="11" offset="82" sl="57" sc="9" el="57" ec="10" bec="0" bev="0" fileid="1" />
              </SequencePoints>
              <BranchPoints />
              <MethodPoint xsi:type="SequencePoint" vc="0" uspid="44" ordinal="0" offset="0" sl="49" sc="9" el="49" ec="10" bec="0" bev="0" fileid="1" />
            </Method>
            <Method visited="false" cyclomaticComplexity="2" nPathComplexity="0" sequenceCoverage="0" branchCoverage="0" crapScore="6" isConstructor="false" isStatic="false" isGetter="false" isSetter="false">
              <Summary numSequencePoints="14" visitedSequencePoints="0" numBranchPoints="1" visitedBranchPoints="0" sequenceCoverage="0" branchCoverage="0" maxCyclomaticComplexity="2" minCyclomaticComplexity="2" maxCrapScore="6" minCrapScore="6" visitedClasses="0" numClasses="0" visitedMethods="0" numMethods="1" />
              <MetadataToken>100663301</MetadataToken>
              <Name>System.Void Lab2_2.UnitTestProject1.MyQueueTests::CopyTo_CopyQueueToArray_True()</Name>
              <FileRef uid="1" />
              <SequencePoints>
                <SequencePoint vc="0" uspid="58" ordinal="0" offset="0" sl="61" sc="9" el="61" ec="10" bec="0" bev="0" fileid="1" />
                <SequencePoint vc="0" uspid="59" ordinal="1" offset="1" sl="62" sc="13" el="62" ec="40" bec="0" bev="0" fileid="1" />
                <SequencePoint vc="0" uspid="60" ordinal="2" offset="7" sl="63" sc="13" el="63" ec="41" bec="0" bev="0" fileid="1" />
                <SequencePoint vc="0" uspid="61" ordinal="3" offset="25" sl="64" sc="13" el="64" ec="20" bec="0" bev="0" fileid="1" />
                <SequencePoint vc="0" uspid="62" ordinal="4" offset="26" sl="64" sc="34" el="64" ec="35" bec="0" bev="0" fileid="1" />
                <SequencePoint vc="0" uspid="63" ordinal="5" offset="33" sl="64" sc="22" el="64" ec="30" bec="0" bev="0" fileid="1" />
                <SequencePoint vc="0" uspid="64" ordinal="6" offset="39" sl="65" sc="13" el="65" ec="14" bec="0" bev="0" fileid="1" />
                <SequencePoint vc="0" uspid="65" ordinal="7" offset="40" sl="66" sc="17" el="66" ec="29" bec="0" bev="0" fileid="1" />
                <SequencePoint vc="0" uspid="66" ordinal="8" offset="49" sl="67" sc="13" el="67" ec="14" bec="0" bev="0" fileid="1" />
                <SequencePoint vc="0" uspid="67" ordinal="9" offset="56" sl="64" sc="31" el="64" ec="33" bec="0" bev="0" fileid="1" />
                <SequencePoint vc="0" uspid="68" ordinal="10" offset="63" sl="68" sc="13" el="68" ec="47" bec="0" bev="0" fileid="1" />
                <SequencePoint vc="0" uspid="69" ordinal="11" offset="70" sl="69" sc="13" el="69" ec="28" bec="0" bev="0" fileid="1" />
                <SequencePoint vc="0" uspid="70" ordinal="12" offset="79" sl="71" sc="13" el="71" ec="80" bec="0" bev="0" fileid="1" />
                <SequencePoint vc="0" uspid="71" ordinal="13" offset="108" sl="72" sc="9" el="72" ec="10" bec="0" bev="0" fileid="1" />
              </SequencePoints>
              <BranchPoints />
              <MethodPoint xsi:type="SequencePoint" vc="0" uspid="58" ordinal="0" offset="0" sl="61" sc="9" el="61" ec="10" bec="0" bev="0" fileid="1" />
            </Method>
            <Method visited="false" cyclomaticComplexity="2" nPathComplexity="0" sequenceCoverage="0" branchCoverage="0" crapScore="6" isConstructor="false" isStatic="false" isGetter="false" isSetter="false">
              <Summary numSequencePoints="13" visitedSequencePoints="0" numBranchPoints="1" visitedBranchPoints="0" sequenceCoverage="0" branchCoverage="0" maxCyclomaticComplexity="2" minCyclomaticComplexity="2" maxCrapScore="6" minCrapScore="6" visitedClasses="0" numClasses="0" visitedMethods="0" numMethods="1" />
              <MetadataToken>100663302</MetadataToken>
              <Name>System.Void Lab2_2.UnitTestProject1.MyQueueTests::CopyTo_CantCopyQueueToArray_Exeption()</Name>
              <FileRef uid="1" />
              <SequencePoints>
                <SequencePoint vc="0" uspid="74" ordinal="0" offset="6" sl="76" sc="9" el="76" ec="10" bec="0" bev="0" fileid="1" />
                <SequencePoint vc="0" uspid="75" ordinal="1" offset="7" sl="77" sc="17" el="77" ec="44" bec="0" bev="0" fileid="1" />
                <SequencePoint vc="0" uspid="76" ordinal="2" offset="18" sl="78" sc="17" el="78" ec="45" bec="0" bev="0" fileid="1" />
                <SequencePoint vc="0" uspid="77" ordinal="3" offset="36" sl="79" sc="17" el="79" ec="24" bec="0" bev="0" fileid="1" />
                <SequencePoint vc="0" uspid="78" ordinal="4" offset="37" sl="79" sc="38" el="79" ec="39" bec="0" bev="0" fileid="1" />
                <SequencePoint vc="0" uspid="79" ordinal="5" offset="43" sl="79" sc="26" el="79" ec="34" bec="0" bev="0" fileid="1" />
                <SequencePoint vc="0" uspid="80" ordinal="6" offset="48" sl="80" sc="17" el="80" ec="18" bec="0" bev="0" fileid="1" />
                <SequencePoint vc="0" uspid="81" ordinal="7" offset="49" sl="81" sc="21" el="81" ec="33" bec="0" bev="0" fileid="1" />
                <SequencePoint vc="0" uspid="82" ordinal="8" offset="63" sl="82" sc="17" el="82" ec="18" bec="0" bev="0" fileid="1" />
                <SequencePoint vc="0" uspid="83" ordinal="9" offset="68" sl="79" sc="35" el="79" ec="37" bec="0" bev="0" fileid="1" />
                <SequencePoint vc="0" uspid="84" ordinal="10" offset="74" sl="83" sc="17" el="83" ec="38" bec="0" bev="0" fileid="1" />
                <SequencePoint vc="0" uspid="85" ordinal="11" offset="86" sl="84" sc="17" el="84" ec="109" bec="0" bev="0" fileid="1" />
                <SequencePoint vc="0" uspid="86" ordinal="12" offset="114" sl="85" sc="9" el="85" ec="10" bec="0" bev="0" fileid="1" />
              </SequencePoints>
              <BranchPoints />
              <MethodPoint vc="0" uspid="89" ordinal="0" offset="0" />
            </Method>
            <Method visited="false" cyclomaticComplexity="4" nPathComplexity="2" sequenceCoverage="0" branchCoverage="0" crapScore="20" isConstructor="false" isStatic="false" isGetter="false" isSetter="false">
              <Summary numSequencePoints="27" visitedSequencePoints="0" numBranchPoints="3" visitedBranchPoints="0" sequenceCoverage="0" branchCoverage="0" maxCyclomaticComplexity="4" minCyclomaticComplexity="4" maxCrapScore="20" minCrapScore="20" visitedClasses="0" numClasses="0" visitedMethods="0" numMethods="1" />
              <MetadataToken>100663303</MetadataToken>
              <Name>System.Void Lab2_2.UnitTestProject1.MyQueueTests::IEnumerable_AddCollection_CollectionAfterIsEqualTestCollection()</Name>
              <FileRef uid="1" />
              <SequencePoints>
                <SequencePoint vc="0" uspid="90" ordinal="0" offset="0" sl="89" sc="9" el="89" ec="10" bec="0" bev="0" fileid="1" />
                <SequencePoint vc="0" uspid="91" ordinal="1" offset="1" sl="90" sc="13" el="90" ec="53" bec="0" bev="0" fileid="1" />
                <SequencePoint vc="0" uspid="92" ordinal="2" offset="7" sl="91" sc="13" el="91" ec="40" bec="0" bev="0" fileid="1" />
                <SequencePoint vc="0" uspid="93" ordinal="3" offset="13" sl="92" sc="13" el="92" ec="54" bec="0" bev="0" fileid="1" />
                <SequencePoint vc="0" uspid="94" ordinal="4" offset="19" sl="94" sc="13" el="94" ec="38" bec="0" bev="0" fileid="1" />
                <SequencePoint vc="0" uspid="95" ordinal="5" offset="37" sl="96" sc="13" el="96" ec="20" bec="0" bev="0" fileid="1" />
                <SequencePoint vc="0" uspid="96" ordinal="6" offset="38" sl="96" sc="34" el="96" ec="35" bec="0" bev="0" fileid="1" />
                <SequencePoint vc="0" uspid="97" ordinal="7" offset="46" sl="96" sc="22" el="96" ec="30" bec="0" bev="0" fileid="1" />
                <SequencePoint vc="0" uspid="98" ordinal="8" offset="53" sl="97" sc="13" el="97" ec="14" bec="0" bev="0" fileid="1" />
                <SequencePoint vc="0" uspid="99" ordinal="9" offset="54" sl="98" sc="17" el="98" ec="29" bec="0" bev="0" fileid="1" />
                <SequencePoint vc="0" uspid="100" ordinal="10" offset="63" sl="99" sc="13" el="99" ec="14" bec="0" bev="0" fileid="1" />
                <SequencePoint vc="0" uspid="101" ordinal="11" offset="70" sl="96" sc="31" el="96" ec="33" bec="0" bev="0" fileid="1" />
                <SequencePoint vc="0" uspid="102" ordinal="12" offset="78" sl="101" sc="13" el="101" ec="38" bec="0" bev="0" fileid="1" />
                <SequencePoint vc="0" uspid="103" ordinal="13" offset="97" sl="102" sc="13" el="102" ec="20" bec="0" bev="0" fileid="1" />
                <SequencePoint vc="0" uspid="104" ordinal="14" offset="98" sl="102" sc="34" el="102" ec="35" bec="0" bev="0" fileid="1" />
                <SequencePoint vc="0" uspid="105" ordinal="15" offset="107" sl="102" sc="22" el="102" ec="30" bec="0" bev="0" fileid="1" />
                <SequencePoint vc="0" uspid="106" ordinal="16" offset="114" sl="103" sc="13" el="103" ec="14" bec="0" bev="0" fileid="1" />
                <SequencePoint vc="0" uspid="107" ordinal="17" offset="115" sl="104" sc="17" el="104" ec="43" bec="0" bev="0" fileid="1" />
                <SequencePoint vc="0" uspid="108" ordinal="18" offset="124" sl="105" sc="13" el="105" ec="14" bec="0" bev="0" fileid="1" />
                <SequencePoint vc="0" uspid="109" ordinal="19" offset="131" sl="102" sc="31" el="102" ec="33" bec="0" bev="0" fileid="1" />
                <SequencePoint vc="0" uspid="110" ordinal="20" offset="141" sl="108" sc="13" el="108" ec="14" bec="0" bev="0" fileid="1" />
                <SequencePoint vc="0" uspid="111" ordinal="21" offset="142" sl="109" sc="21" el="109" ec="67" bec="0" bev="0" fileid="1" />
                <SequencePoint vc="0" uspid="112" ordinal="22" offset="160" sl="110" sc="13" el="110" ec="14" bec="0" bev="0" fileid="1" />
                <SequencePoint vc="0" uspid="113" ordinal="23" offset="161" sl="107" sc="13" el="107" ec="49" bec="2" bev="0" fileid="1" />
                <SequencePoint vc="0" uspid="114" ordinal="24" offset="178" sl="112" sc="13" el="112" ec="39" bec="0" bev="0" fileid="1" />
                <SequencePoint vc="0" uspid="115" ordinal="25" offset="190" sl="115" sc="13" el="115" ec="75" bec="0" bev="0" fileid="1" />
                <SequencePoint vc="0" uspid="116" ordinal="26" offset="203" sl="116" sc="9" el="116" ec="10" bec="0" bev="0" fileid="1" />
              </SequencePoints>
              <BranchPoints>
                <BranchPoint vc="0" uspid="121" ordinal="4" offset="176" sl="107" path="0" offsetend="178" fileid="1" />
                <BranchPoint vc="0" uspid="122" ordinal="5" offset="176" sl="107" path="1" offsetend="141" fileid="1" />
              </BranchPoints>
              <MethodPoint xsi:type="SequencePoint" vc="0" uspid="90" ordinal="0" offset="0" sl="89" sc="9" el="89" ec="10" bec="0" bev="0" fileid="1" />
            </Method>
            <Method visited="false" cyclomaticComplexity="2" nPathComplexity="0" sequenceCoverage="0" branchCoverage="0" crapScore="6" isConstructor="false" isStatic="false" isGetter="false" isSetter="false">
              <Summary numSequencePoints="13" visitedSequencePoints="0" numBranchPoints="1" visitedBranchPoints="0" sequenceCoverage="0" branchCoverage="0" maxCyclomaticComplexity="2" minCyclomaticComplexity="2" maxCrapScore="6" minCrapScore="6" visitedClasses="0" numClasses="0" visitedMethods="0" numMethods="1" />
              <MetadataToken>100663304</MetadataToken>
              <Name>System.Void Lab2_2.UnitTestProject1.MyQueueTests::Remove_DeleteItemFromCollection_SuccessfulRemove()</Name>
              <FileRef uid="1" />
              <SequencePoints>
                <SequencePoint vc="0" uspid="123" ordinal="0" offset="0" sl="120" sc="9" el="120" ec="10" bec="0" bev="0" fileid="1" />
                <SequencePoint vc="0" uspid="124" ordinal="1" offset="1" sl="121" sc="13" el="121" ec="40" bec="0" bev="0" fileid="1" />
                <SequencePoint vc="0" uspid="125" ordinal="2" offset="7" sl="122" sc="13" el="122" ec="41" bec="0" bev="0" fileid="1" />
                <SequencePoint vc="0" uspid="126" ordinal="3" offset="25" sl="123" sc="13" el="123" ec="20" bec="0" bev="0" fileid="1" />
                <SequencePoint vc="0" uspid="127" ordinal="4" offset="26" sl="123" sc="34" el="123" ec="35" bec="0" bev="0" fileid="1" />
                <SequencePoint vc="0" uspid="128" ordinal="5" offset="32" sl="123" sc="22" el="123" ec="30" bec="0" bev="0" fileid="1" />
                <SequencePoint vc="0" uspid="129" ordinal="6" offset="37" sl="124" sc="13" el="124" ec="14" bec="0" bev="0" fileid="1" />
                <SequencePoint vc="0" uspid="130" ordinal="7" offset="38" sl="125" sc="17" el="125" ec="29" bec="0" bev="0" fileid="1" />
                <SequencePoint vc="0" uspid="131" ordinal="8" offset="47" sl="126" sc="13" el="126" ec="14" bec="0" bev="0" fileid="1" />
                <SequencePoint vc="0" uspid="132" ordinal="9" offset="52" sl="123" sc="31" el="123" ec="33" bec="0" bev="0" fileid="1" />
                <SequencePoint vc="0" uspid="133" ordinal="10" offset="58" sl="128" sc="13" el="128" ec="25" bec="0" bev="0" fileid="1" />
                <SequencePoint vc="0" uspid="134" ordinal="11" offset="66" sl="130" sc="13" el="130" ec="51" bec="0" bev="0" fileid="1" />
                <SequencePoint vc="0" uspid="135" ordinal="12" offset="90" sl="131" sc="9" el="131" ec="10" bec="0" bev="0" fileid="1" />
              </SequencePoints>
              <BranchPoints />
              <MethodPoint xsi:type="SequencePoint" vc="0" uspid="123" ordinal="0" offset="0" sl="120" sc="9" el="120" ec="10" bec="0" bev="0" fileid="1" />
            </Method>
            <Method visited="false" cyclomaticComplexity="2" nPathComplexity="0" sequenceCoverage="0" branchCoverage="0" crapScore="6" isConstructor="false" isStatic="false" isGetter="false" isSetter="false">
              <Summary numSequencePoints="12" visitedSequencePoints="0" numBranchPoints="1" visitedBranchPoints="0" sequenceCoverage="0" branchCoverage="0" maxCyclomaticComplexity="2" minCyclomaticComplexity="2" maxCrapScore="6" minCrapScore="6" visitedClasses="0" numClasses="0" visitedMethods="0" numMethods="1" />
              <MetadataToken>100663305</MetadataToken>
              <Name>System.Void Lab2_2.UnitTestProject1.MyQueueTests::Remove_DeleteItemFromCollection_True()</Name>
              <FileRef uid="1" />
              <SequencePoints>
                <SequencePoint vc="0" uspid="138" ordinal="0" offset="0" sl="135" sc="9" el="135" ec="10" bec="0" bev="0" fileid="1" />
                <SequencePoint vc="0" uspid="139" ordinal="1" offset="1" sl="136" sc="13" el="136" ec="40" bec="0" bev="0" fileid="1" />
                <SequencePoint vc="0" uspid="140" ordinal="2" offset="7" sl="137" sc="13" el="137" ec="41" bec="0" bev="0" fileid="1" />
                <SequencePoint vc="0" uspid="141" ordinal="3" offset="25" sl="138" sc="13" el="138" ec="20" bec="0" bev="0" fileid="1" />
                <SequencePoint vc="0" uspid="142" ordinal="4" offset="26" sl="138" sc="34" el="138" ec="35" bec="0" bev="0" fileid="1" />
                <SequencePoint vc="0" uspid="143" ordinal="5" offset="32" sl="138" sc="22" el="138" ec="30" bec="0" bev="0" fileid="1" />
                <SequencePoint vc="0" uspid="144" ordinal="6" offset="37" sl="139" sc="13" el="139" ec="14" bec="0" bev="0" fileid="1" />
                <SequencePoint vc="0" uspid="145" ordinal="7" offset="38" sl="140" sc="17" el="140" ec="29" bec="0" bev="0" fileid="1" />
                <SequencePoint vc="0" uspid="146" ordinal="8" offset="47" sl="141" sc="13" el="141" ec="14" bec="0" bev="0" fileid="1" />
                <SequencePoint vc="0" uspid="147" ordinal="9" offset="52" sl="138" sc="31" el="138" ec="33" bec="0" bev="0" fileid="1" />
                <SequencePoint vc="0" uspid="148" ordinal="10" offset="58" sl="142" sc="13" el="142" ec="48" bec="0" bev="0" fileid="1" />
                <SequencePoint vc="0" uspid="149" ordinal="11" offset="82" sl="143" sc="9" el="143" ec="10" bec="0" bev="0" fileid="1" />
              </SequencePoints>
              <BranchPoints />
              <MethodPoint xsi:type="SequencePoint" vc="0" uspid="138" ordinal="0" offset="0" sl="135" sc="9" el="135" ec="10" bec="0" bev="0" fileid="1" />
            </Method>
            <Method visited="false" cyclomaticComplexity="2" nPathComplexity="0" sequenceCoverage="0" branchCoverage="0" crapScore="6" isConstructor="false" isStatic="false" isGetter="false" isSetter="false">
              <Summary numSequencePoints="12" visitedSequencePoints="0" numBranchPoints="1" visitedBranchPoints="0" sequenceCoverage="0" branchCoverage="0" maxCyclomaticComplexity="2" minCyclomaticComplexity="2" maxCrapScore="6" minCrapScore="6" visitedClasses="0" numClasses="0" visitedMethods="0" numMethods="1" />
              <MetadataToken>100663306</MetadataToken>
              <Name>System.Void Lab2_2.UnitTestProject1.MyQueueTests::Remove_CantDeleteUncontainedItemFromCollection_False()</Name>
              <FileRef uid="1" />
              <SequencePoints>
                <SequencePoint vc="0" uspid="152" ordinal="0" offset="0" sl="147" sc="9" el="147" ec="10" bec="0" bev="0" fileid="1" />
                <SequencePoint vc="0" uspid="153" ordinal="1" offset="1" sl="148" sc="13" el="148" ec="40" bec="0" bev="0" fileid="1" />
                <SequencePoint vc="0" uspid="154" ordinal="2" offset="7" sl="149" sc="13" el="149" ec="41" bec="0" bev="0" fileid="1" />
                <SequencePoint vc="0" uspid="155" ordinal="3" offset="25" sl="150" sc="13" el="150" ec="20" bec="0" bev="0" fileid="1" />
                <SequencePoint vc="0" uspid="156" ordinal="4" offset="26" sl="150" sc="34" el="150" ec="35" bec="0" bev="0" fileid="1" />
                <SequencePoint vc="0" uspid="157" ordinal="5" offset="32" sl="150" sc="22" el="150" ec="30" bec="0" bev="0" fileid="1" />
                <SequencePoint vc="0" uspid="158" ordinal="6" offset="37" sl="151" sc="13" el="151" ec="14" bec="0" bev="0" fileid="1" />
                <SequencePoint vc="0" uspid="159" ordinal="7" offset="38" sl="152" sc="17" el="152" ec="29" bec="0" bev="0" fileid="1" />
                <SequencePoint vc="0" uspid="160" ordinal="8" offset="47" sl="153" sc="13" el="153" ec="14" bec="0" bev="0" fileid="1" />
                <SequencePoint vc="0" uspid="161" ordinal="9" offset="52" sl="150" sc="31" el="150" ec="33" bec="0" bev="0" fileid="1" />
                <SequencePoint vc="0" uspid="162" ordinal="10" offset="58" sl="154" sc="13" el="154" ec="49" bec="0" bev="0" fileid="1" />
                <SequencePoint vc="0" uspid="163" ordinal="11" offset="82" sl="155" sc="9" el="155" ec="10" bec="0" bev="0" fileid="1" />
              </SequencePoints>
              <BranchPoints />
              <MethodPoint xsi:type="SequencePoint" vc="0" uspid="152" ordinal="0" offset="0" sl="147" sc="9" el="147" ec="10" bec="0" bev="0" fileid="1" />
            </Method>
            <Method visited="false" cyclomaticComplexity="1" nPathComplexity="0" sequenceCoverage="0" branchCoverage="0" crapScore="2" isConstructor="false" isStatic="false" isGetter="false" isSetter="false">
              <Summary numSequencePoints="4" visitedSequencePoints="0" numBranchPoints="1" visitedBranchPoints="0" sequenceCoverage="0" branchCoverage="0" maxCyclomaticComplexity="1" minCyclomaticComplexity="1" maxCrapScore="2" minCrapScore="2" visitedClasses="0" numClasses="0" visitedMethods="0" numMethods="1" />
              <MetadataToken>100663307</MetadataToken>
              <Name>System.Void Lab2_2.UnitTestProject1.MyQueueTests::Remove_CantDeleteItemFromCollection_Exeption()</Name>
              <FileRef uid="1" />
              <SequencePoints>
                <SequencePoint vc="0" uspid="166" ordinal="0" offset="6" sl="159" sc="9" el="159" ec="10" bec="0" bev="0" fileid="1" />
                <SequencePoint vc="0" uspid="167" ordinal="1" offset="7" sl="160" sc="13" el="160" ec="40" bec="0" bev="0" fileid="1" />
                <SequencePoint vc="0" uspid="168" ordinal="2" offset="18" sl="161" sc="13" el="161" ec="97" bec="0" bev="0" fileid="1" />
                <SequencePoint vc="0" uspid="169" ordinal="3" offset="46" sl="162" sc="9" el="162" ec="10" bec="0" bev="0" fileid="1" />
              </SequencePoints>
              <BranchPoints />
              <MethodPoint vc="0" uspid="170" ordinal="0" offset="0" />
            </Method>
            <Method visited="false" cyclomaticComplexity="2" nPathComplexity="0" sequenceCoverage="0" branchCoverage="0" crapScore="6" isConstructor="false" isStatic="false" isGetter="false" isSetter="false">
              <Summary numSequencePoints="12" visitedSequencePoints="0" numBranchPoints="1" visitedBranchPoints="0" sequenceCoverage="0" branchCoverage="0" maxCyclomaticComplexity="2" minCyclomaticComplexity="2" maxCrapScore="6" minCrapScore="6" visitedClasses="0" numClasses="0" visitedMethods="0" numMethods="1" />
              <MetadataToken>100663308</MetadataToken>
              <Name>System.Void Lab2_2.UnitTestProject1.MyQueueTests::Enqueue_AddItemInCollection_SuccessfulAdd()</Name>
              <FileRef uid="1" />
              <SequencePoints>
                <SequencePoint vc="0" uspid="171" ordinal="0" offset="0" sl="167" sc="9" el="167" ec="10" bec="0" bev="0" fileid="1" />
                <SequencePoint vc="0" uspid="172" ordinal="1" offset="1" sl="168" sc="13" el="168" ec="40" bec="0" bev="0" fileid="1" />
                <SequencePoint vc="0" uspid="173" ordinal="2" offset="7" sl="169" sc="13" el="169" ec="35" bec="0" bev="0" fileid="1" />
                <SequencePoint vc="0" uspid="174" ordinal="3" offset="25" sl="170" sc="13" el="170" ec="20" bec="0" bev="0" fileid="1" />
                <SequencePoint vc="0" uspid="175" ordinal="4" offset="26" sl="170" sc="34" el="170" ec="35" bec="0" bev="0" fileid="1" />
                <SequencePoint vc="0" uspid="176" ordinal="5" offset="32" sl="170" sc="22" el="170" ec="30" bec="0" bev="0" fileid="1" />
                <SequencePoint vc="0" uspid="177" ordinal="6" offset="37" sl="171" sc="13" el="171" ec="14" bec="0" bev="0" fileid="1" />
                <SequencePoint vc="0" uspid="178" ordinal="7" offset="38" sl="172" sc="17" el="172" ec="33" bec="0" bev="0" fileid="1" />
                <SequencePoint vc="0" uspid="179" ordinal="8" offset="47" sl="173" sc="13" el="173" ec="14" bec="0" bev="0" fileid="1" />
                <SequencePoint vc="0" uspid="180" ordinal="9" offset="52" sl="170" sc="31" el="170" ec="33" bec="0" bev="0" fileid="1" />
                <SequencePoint vc="0" uspid="181" ordinal="10" offset="58" sl="174" sc="13" el="174" ec="41" bec="0" bev="0" fileid="1" />
                <SequencePoint vc="0" uspid="182" ordinal="11" offset="81" sl="175" sc="9" el="175" ec="10" bec="0" bev="0" fileid="1" />
              </SequencePoints>
              <BranchPoints />
              <MethodPoint xsi:type="SequencePoint" vc="0" uspid="171" ordinal="0" offset="0" sl="167" sc="9" el="167" ec="10" bec="0" bev="0" fileid="1" />
            </Method>
            <Method visited="false" cyclomaticComplexity="2" nPathComplexity="0" sequenceCoverage="0" branchCoverage="0" crapScore="6" isConstructor="false" isStatic="false" isGetter="false" isSetter="false">
              <Summary numSequencePoints="12" visitedSequencePoints="0" numBranchPoints="1" visitedBranchPoints="0" sequenceCoverage="0" branchCoverage="0" maxCyclomaticComplexity="2" minCyclomaticComplexity="2" maxCrapScore="6" minCrapScore="6" visitedClasses="0" numClasses="0" visitedMethods="0" numMethods="1" />
              <MetadataToken>100663309</MetadataToken>
              <Name>System.Void Lab2_2.UnitTestProject1.MyQueueTests::Dequeue_DeleteFirstItemFromCollection_DeletedItem()</Name>
              <FileRef uid="1" />
              <SequencePoints>
                <SequencePoint vc="0" uspid="185" ordinal="0" offset="0" sl="179" sc="9" el="179" ec="10" bec="0" bev="0" fileid="1" />
                <SequencePoint vc="0" uspid="186" ordinal="1" offset="1" sl="180" sc="13" el="180" ec="40" bec="0" bev="0" fileid="1" />
                <SequencePoint vc="0" uspid="187" ordinal="2" offset="7" sl="181" sc="13" el="181" ec="35" bec="0" bev="0" fileid="1" />
                <SequencePoint vc="0" uspid="188" ordinal="3" offset="25" sl="182" sc="13" el="182" ec="20" bec="0" bev="0" fileid="1" />
                <SequencePoint vc="0" uspid="189" ordinal="4" offset="26" sl="182" sc="34" el="182" ec="35" bec="0" bev="0" fileid="1" />
                <SequencePoint vc="0" uspid="190" ordinal="5" offset="32" sl="182" sc="22" el="182" ec="30" bec="0" bev="0" fileid="1" />
                <SequencePoint vc="0" uspid="191" ordinal="6" offset="37" sl="183" sc="13" el="183" ec="14" bec="0" bev="0" fileid="1" />
                <SequencePoint vc="0" uspid="192" ordinal="7" offset="38" sl="184" sc="17" el="184" ec="33" bec="0" bev="0" fileid="1" />
                <SequencePoint vc="0" uspid="193" ordinal="8" offset="47" sl="185" sc="13" el="185" ec="14" bec="0" bev="0" fileid="1" />
                <SequencePoint vc="0" uspid="194" ordinal="9" offset="52" sl="182" sc="31" el="182" ec="33" bec="0" bev="0" fileid="1" />
                <SequencePoint vc="0" uspid="195" ordinal="10" offset="58" sl="186" sc="13" el="186" ec="45" bec="0" bev="0" fileid="1" />
                <SequencePoint vc="0" uspid="196" ordinal="11" offset="81" sl="187" sc="9" el="187" ec="10" bec="0" bev="0" fileid="1" />
              </SequencePoints>
              <BranchPoints />
              <MethodPoint xsi:type="SequencePoint" vc="0" uspid="185" ordinal="0" offset="0" sl="179" sc="9" el="179" ec="10" bec="0" bev="0" fileid="1" />
            </Method>
            <Method visited="false" cyclomaticComplexity="2" nPathComplexity="0" sequenceCoverage="0" branchCoverage="0" crapScore="6" isConstructor="false" isStatic="false" isGetter="false" isSetter="false">
              <Summary numSequencePoints="12" visitedSequencePoints="0" numBranchPoints="1" visitedBranchPoints="0" sequenceCoverage="0" branchCoverage="0" maxCyclomaticComplexity="2" minCyclomaticComplexity="2" maxCrapScore="6" minCrapScore="6" visitedClasses="0" numClasses="0" visitedMethods="0" numMethods="1" />
              <MetadataToken>100663310</MetadataToken>
              <Name>System.Void Lab2_2.UnitTestProject1.MyQueueTests::Peek_FindFirstItemFromCollection_FirstItemFromCollection()</Name>
              <FileRef uid="1" />
              <SequencePoints>
                <SequencePoint vc="0" uspid="199" ordinal="0" offset="0" sl="191" sc="9" el="191" ec="10" bec="0" bev="0" fileid="1" />
                <SequencePoint vc="0" uspid="200" ordinal="1" offset="1" sl="192" sc="13" el="192" ec="40" bec="0" bev="0" fileid="1" />
                <SequencePoint vc="0" uspid="201" ordinal="2" offset="7" sl="193" sc="13" el="193" ec="35" bec="0" bev="0" fileid="1" />
                <SequencePoint vc="0" uspid="202" ordinal="3" offset="25" sl="194" sc="13" el="194" ec="20" bec="0" bev="0" fileid="1" />
                <SequencePoint vc="0" uspid="203" ordinal="4" offset="26" sl="194" sc="34" el="194" ec="35" bec="0" bev="0" fileid="1" />
                <SequencePoint vc="0" uspid="204" ordinal="5" offset="32" sl="194" sc="22" el="194" ec="30" bec="0" bev="0" fileid="1" />
                <SequencePoint vc="0" uspid="205" ordinal="6" offset="37" sl="195" sc="13" el="195" ec="14" bec="0" bev="0" fileid="1" />
                <SequencePoint vc="0" uspid="206" ordinal="7" offset="38" sl="196" sc="17" el="196" ec="33" bec="0" bev="0" fileid="1" />
                <SequencePoint vc="0" uspid="207" ordinal="8" offset="47" sl="197" sc="13" el="197" ec="14" bec="0" bev="0" fileid="1" />
                <SequencePoint vc="0" uspid="208" ordinal="9" offset="52" sl="194" sc="31" el="194" ec="33" bec="0" bev="0" fileid="1" />
                <SequencePoint vc="0" uspid="209" ordinal="10" offset="58" sl="198" sc="13" el="198" ec="42" bec="0" bev="0" fileid="1" />
                <SequencePoint vc="0" uspid="210" ordinal="11" offset="81" sl="199" sc="9" el="199" ec="10" bec="0" bev="0" fileid="1" />
              </SequencePoints>
              <BranchPoints />
              <MethodPoint xsi:type="SequencePoint" vc="0" uspid="199" ordinal="0" offset="0" sl="191" sc="9" el="191" ec="10" bec="0" bev="0" fileid="1" />
            </Method>
            <Method visited="false" cyclomaticComplexity="1" nPathComplexity="0" sequenceCoverage="0" branchCoverage="0" crapScore="2" isConstructor="false" isStatic="false" isGetter="false" isSetter="false">
              <Summary numSequencePoints="4" visitedSequencePoints="0" numBranchPoints="1" visitedBranchPoints="0" sequenceCoverage="0" branchCoverage="0" maxCyclomaticComplexity="1" minCyclomaticComplexity="1" maxCrapScore="2" minCrapScore="2" visitedClasses="0" numClasses="0" visitedMethods="0" numMethods="1" />
              <MetadataToken>100663311</MetadataToken>
              <Name>System.Void Lab2_2.UnitTestProject1.MyQueueTests::Peek_CantFindFirstItemFromEmptyCollection_Exeption()</Name>
              <FileRef uid="1" />
              <SequencePoints>
                <SequencePoint vc="0" uspid="213" ordinal="0" offset="6" sl="203" sc="9" el="203" ec="10" bec="0" bev="0" fileid="1" />
                <SequencePoint vc="0" uspid="214" ordinal="1" offset="7" sl="204" sc="13" el="204" ec="40" bec="0" bev="0" fileid="1" />
                <SequencePoint vc="0" uspid="215" ordinal="2" offset="18" sl="205" sc="13" el="205" ec="94" bec="0" bev="0" fileid="1" />
                <SequencePoint vc="0" uspid="216" ordinal="3" offset="46" sl="206" sc="9" el="206" ec="10" bec="0" bev="0" fileid="1" />
              </SequencePoints>
              <BranchPoints />
              <MethodPoint vc="0" uspid="217" ordinal="0" offset="0" />
            </Method>
            <Method visited="false" cyclomaticComplexity="2" nPathComplexity="0" sequenceCoverage="0" branchCoverage="0" crapScore="6" isConstructor="false" isStatic="false" isGetter="false" isSetter="false">
              <Summary numSequencePoints="12" visitedSequencePoints="0" numBranchPoints="1" visitedBranchPoints="0" sequenceCoverage="0" branchCoverage="0" maxCyclomaticComplexity="2" minCyclomaticComplexity="2" maxCrapScore="6" minCrapScore="6" visitedClasses="0" numClasses="0" visitedMethods="0" numMethods="1" />
              <MetadataToken>100663312</MetadataToken>
              <Name>System.Void Lab2_2.UnitTestProject1.MyQueueTests::Count_CalcCountOfElementsInCollection_CountOfElementsInCollection()</Name>
              <FileRef uid="1" />
              <SequencePoints>
                <SequencePoint vc="0" uspid="218" ordinal="0" offset="0" sl="210" sc="9" el="210" ec="10" bec="0" bev="0" fileid="1" />
                <SequencePoint vc="0" uspid="219" ordinal="1" offset="1" sl="211" sc="13" el="211" ec="40" bec="0" bev="0" fileid="1" />
                <SequencePoint vc="0" uspid="220" ordinal="2" offset="7" sl="212" sc="13" el="212" ec="35" bec="0" bev="0" fileid="1" />
                <SequencePoint vc="0" uspid="221" ordinal="3" offset="25" sl="213" sc="13" el="213" ec="20" bec="0" bev="0" fileid="1" />
                <SequencePoint vc="0" uspid="222" ordinal="4" offset="26" sl="213" sc="34" el="213" ec="35" bec="0" bev="0" fileid="1" />
                <SequencePoint vc="0" uspid="223" ordinal="5" offset="32" sl="213" sc="22" el="213" ec="30" bec="0" bev="0" fileid="1" />
                <SequencePoint vc="0" uspid="224" ordinal="6" offset="37" sl="214" sc="13" el="214" ec="14" bec="0" bev="0" fileid="1" />
                <SequencePoint vc="0" uspid="225" ordinal="7" offset="38" sl="215" sc="17" el="215" ec="33" bec="0" bev="0" fileid="1" />
                <SequencePoint vc="0" uspid="226" ordinal="8" offset="47" sl="216" sc="13" el="216" ec="14" bec="0" bev="0" fileid="1" />
                <SequencePoint vc="0" uspid="227" ordinal="9" offset="52" sl="213" sc="31" el="213" ec="33" bec="0" bev="0" fileid="1" />
                <SequencePoint vc="0" uspid="228" ordinal="10" offset="58" sl="217" sc="13" el="217" ec="41" bec="0" bev="0" fileid="1" />
                <SequencePoint vc="0" uspid="229" ordinal="11" offset="81" sl="218" sc="9" el="218" ec="10" bec="0" bev="0" fileid="1" />
              </SequencePoints>
              <BranchPoints />
              <MethodPoint xsi:type="SequencePoint" vc="0" uspid="218" ordinal="0" offset="0" sl="210" sc="9" el="210" ec="10" bec="0" bev="0" fileid="1" />
            </Method>
            <Method visited="false" cyclomaticComplexity="1" nPathComplexity="0" sequenceCoverage="0" branchCoverage="0" crapScore="2" isConstructor="true" isStatic="false" isGetter="false" isSetter="false">
              <Summary numSequencePoints="0" visitedSequencePoints="0" numBranchPoints="0" visitedBranchPoints="0" sequenceCoverage="0" branchCoverage="0" maxCyclomaticComplexity="1" minCyclomaticComplexity="1" maxCrapScore="2" minCrapScore="2" visitedClasses="0" numClasses="0" visitedMethods="0" numMethods="0" />
              <MetadataToken>100663313</MetadataToken>
              <Name>System.Void Lab2_2.UnitTestProject1.MyQueueTests::.ctor()</Name>
              <SequencePoints />
              <BranchPoints />
              <MethodPoint vc="0" uspid="232" ordinal="0" offset="0" />
            </Method>
          </Methods>
        </Class>
        <Class>
          <Summary numSequencePoints="1" visitedSequencePoints="0" numBranchPoints="1" visitedBranchPoints="0" sequenceCoverage="0" branchCoverage="0" maxCyclomaticComplexity="1" minCyclomaticComplexity="1" maxCrapScore="2" minCrapScore="2" visitedClasses="0" numClasses="1" visitedMethods="0" numMethods="1" />
          <FullName>Lab2_2.UnitTestProject1.MyQueueTests/&lt;&gt;c__DisplayClass5_0</FullName>
          <Methods>
            <Method visited="false" cyclomaticComplexity="1" nPathComplexity="0" sequenceCoverage="0" branchCoverage="0" crapScore="2" isConstructor="true" isStatic="false" isGetter="false" isSetter="false">
              <Summary numSequencePoints="0" visitedSequencePoints="0" numBranchPoints="0" visitedBranchPoints="0" sequenceCoverage="0" branchCoverage="0" maxCyclomaticComplexity="1" minCyclomaticComplexity="1" maxCrapScore="2" minCrapScore="2" visitedClasses="0" numClasses="0" visitedMethods="0" numMethods="0" />
              <MetadataToken>100663314</MetadataToken>
              <Name>System.Void Lab2_2.UnitTestProject1.MyQueueTests/&lt;&gt;c__DisplayClass5_0::.ctor()</Name>
              <SequencePoints />
              <BranchPoints />
              <MethodPoint vc="0" uspid="233" ordinal="0" offset="0" />
            </Method>
            <Method visited="false" cyclomaticComplexity="1" nPathComplexity="0" sequenceCoverage="0" branchCoverage="0" crapScore="2" isConstructor="false" isStatic="false" isGetter="false" isSetter="false">
              <Summary numSequencePoints="1" visitedSequencePoints="0" numBranchPoints="1" visitedBranchPoints="0" sequenceCoverage="0" branchCoverage="0" maxCyclomaticComplexity="1" minCyclomaticComplexity="1" maxCrapScore="2" minCrapScore="2" visitedClasses="0" numClasses="0" visitedMethods="0" numMethods="1" />
              <MetadataToken>100663315</MetadataToken>
              <Name>System.Void Lab2_2.UnitTestProject1.MyQueueTests/&lt;&gt;c__DisplayClass5_0::&lt;CopyTo_CantCopyQueueToArray_Exeption&gt;b__0()</Name>
              <FileRef uid="1" />
              <SequencePoints>
                <SequencePoint vc="0" uspid="234" ordinal="0" offset="0" sl="84" sc="35" el="84" ec="49" bec="0" bev="0" fileid="1" />
              </SequencePoints>
              <BranchPoints />
              <MethodPoint xsi:type="SequencePoint" vc="0" uspid="234" ordinal="0" offset="0" sl="84" sc="35" el="84" ec="49" bec="0" bev="0" fileid="1" />
            </Method>
          </Methods>
        </Class>
        <Class>
          <Summary numSequencePoints="1" visitedSequencePoints="0" numBranchPoints="1" visitedBranchPoints="0" sequenceCoverage="0" branchCoverage="0" maxCyclomaticComplexity="1" minCyclomaticComplexity="1" maxCrapScore="2" minCrapScore="2" visitedClasses="0" numClasses="1" visitedMethods="0" numMethods="1" />
          <FullName>Lab2_2.UnitTestProject1.MyQueueTests/&lt;&gt;c__DisplayClass10_0</FullName>
          <Methods>
            <Method visited="false" cyclomaticComplexity="1" nPathComplexity="0" sequenceCoverage="0" branchCoverage="0" crapScore="2" isConstructor="true" isStatic="false" isGetter="false" isSetter="false">
              <Summary numSequencePoints="0" visitedSequencePoints="0" numBranchPoints="0" visitedBranchPoints="0" sequenceCoverage="0" branchCoverage="0" maxCyclomaticComplexity="1" minCyclomaticComplexity="1" maxCrapScore="2" minCrapScore="2" visitedClasses="0" numClasses="0" visitedMethods="0" numMethods="0" />
              <MetadataToken>100663316</MetadataToken>
              <Name>System.Void Lab2_2.UnitTestProject1.MyQueueTests/&lt;&gt;c__DisplayClass10_0::.ctor()</Name>
              <SequencePoints />
              <BranchPoints />
              <MethodPoint vc="0" uspid="235" ordinal="0" offset="0" />
            </Method>
            <Method visited="false" cyclomaticComplexity="1" nPathComplexity="0" sequenceCoverage="0" branchCoverage="0" crapScore="2" isConstructor="false" isStatic="false" isGetter="false" isSetter="false">
              <Summary numSequencePoints="1" visitedSequencePoints="0" numBranchPoints="1" visitedBranchPoints="0" sequenceCoverage="0" branchCoverage="0" maxCyclomaticComplexity="1" minCyclomaticComplexity="1" maxCrapScore="2" minCrapScore="2" visitedClasses="0" numClasses="0" visitedMethods="0" numMethods="1" />
              <MetadataToken>100663317</MetadataToken>
              <Name>System.Boolean Lab2_2.UnitTestProject1.MyQueueTests/&lt;&gt;c__DisplayClass10_0::&lt;Remove_CantDeleteItemFromCollection_Exeption&gt;b__0()</Name>
              <FileRef uid="1" />
              <SequencePoints>
                <SequencePoint vc="0" uspid="236" ordinal="0" offset="0" sl="161" sc="31" el="161" ec="42" bec="0" bev="0" fileid="1" />
              </SequencePoints>
              <BranchPoints />
              <MethodPoint xsi:type="SequencePoint" vc="0" uspid="236" ordinal="0" offset="0" sl="161" sc="31" el="161" ec="42" bec="0" bev="0" fileid="1" />
            </Method>
          </Methods>
        </Class>
        <Class>
          <Summary numSequencePoints="1" visitedSequencePoints="0" numBranchPoints="1" visitedBranchPoints="0" sequenceCoverage="0" branchCoverage="0" maxCyclomaticComplexity="1" minCyclomaticComplexity="1" maxCrapScore="2" minCrapScore="2" visitedClasses="0" numClasses="1" visitedMethods="0" numMethods="1" />
          <FullName>Lab2_2.UnitTestProject1.MyQueueTests/&lt;&gt;c__DisplayClass14_0</FullName>
          <Methods>
            <Method visited="false" cyclomaticComplexity="1" nPathComplexity="0" sequenceCoverage="0" branchCoverage="0" crapScore="2" isConstructor="true" isStatic="false" isGetter="false" isSetter="false">
              <Summary numSequencePoints="0" visitedSequencePoints="0" numBranchPoints="0" visitedBranchPoints="0" sequenceCoverage="0" branchCoverage="0" maxCyclomaticComplexity="1" minCyclomaticComplexity="1" maxCrapScore="2" minCrapScore="2" visitedClasses="0" numClasses="0" visitedMethods="0" numMethods="0" />
              <MetadataToken>100663318</MetadataToken>
              <Name>System.Void Lab2_2.UnitTestProject1.MyQueueTests/&lt;&gt;c__DisplayClass14_0::.ctor()</Name>
              <SequencePoints />
              <BranchPoints />
              <MethodPoint vc="0" uspid="237" ordinal="0" offset="0" />
            </Method>
            <Method visited="false" cyclomaticComplexity="1" nPathComplexity="0" sequenceCoverage="0" branchCoverage="0" crapScore="2" isConstructor="false" isStatic="false" isGetter="false" isSetter="false">
              <Summary numSequencePoints="1" visitedSequencePoints="0" numBranchPoints="1" visitedBranchPoints="0" sequenceCoverage="0" branchCoverage="0" maxCyclomaticComplexity="1" minCyclomaticComplexity="1" maxCrapScore="2" minCrapScore="2" visitedClasses="0" numClasses="0" visitedMethods="0" numMethods="1" />
              <MetadataToken>100663319</MetadataToken>
              <Name>System.Int32 Lab2_2.UnitTestProject1.MyQueueTests/&lt;&gt;c__DisplayClass14_0::&lt;Peek_CantFindFirstItemFromEmptyCollection_Exeption&gt;b__0()</Name>
              <FileRef uid="1" />
              <SequencePoints>
                <SequencePoint vc="0" uspid="238" ordinal="0" offset="0" sl="205" sc="31" el="205" ec="39" bec="0" bev="0" fileid="1" />
              </SequencePoints>
              <BranchPoints />
              <MethodPoint xsi:type="SequencePoint" vc="0" uspid="238" ordinal="0" offset="0" sl="205" sc="31" el="205" ec="39" bec="0" bev="0" fileid="1" />
            </Method>
          </Methods>
        </Class>
      </Classes>
      <TrackedMethods>
        <TrackedMethod uid="1" token="100663297" name="System.Void Lab2_2.UnitTestProject1.MyQueueTests::Add_ItemsAddToQueue_ContainsAllElementCollection()" strategy="NUnitTest" />
        <TrackedMethod uid="2" token="100663298" name="System.Void Lab2_2.UnitTestProject1.MyQueueTests::ClearTest()" strategy="NUnitTest" />
        <TrackedMethod uid="3" token="100663299" name="System.Void Lab2_2.UnitTestProject1.MyQueueTests::Contains_ItemIsContainInQueue_True()" strategy="NUnitTest" />
        <TrackedMethod uid="4" token="100663300" name="System.Void Lab2_2.UnitTestProject1.MyQueueTests::Contains_ItemIsNotContainInQueue_False()" strategy="NUnitTest" />
        <TrackedMethod uid="5" token="100663301" name="System.Void Lab2_2.UnitTestProject1.MyQueueTests::CopyTo_CopyQueueToArray_True()" strategy="NUnitTest" />
        <TrackedMethod uid="6" token="100663302" name="System.Void Lab2_2.UnitTestProject1.MyQueueTests::CopyTo_CantCopyQueueToArray_Exeption()" strategy="NUnitTest" />
        <TrackedMethod uid="7" token="100663303" name="System.Void Lab2_2.UnitTestProject1.MyQueueTests::IEnumerable_AddCollection_CollectionAfterIsEqualTestCollection()" strategy="NUnitTest" />
        <TrackedMethod uid="8" token="100663304" name="System.Void Lab2_2.UnitTestProject1.MyQueueTests::Remove_DeleteItemFromCollection_SuccessfulRemove()" strategy="NUnitTest" />
        <TrackedMethod uid="9" token="100663305" name="System.Void Lab2_2.UnitTestProject1.MyQueueTests::Remove_DeleteItemFromCollection_True()" strategy="NUnitTest" />
        <TrackedMethod uid="10" token="100663306" name="System.Void Lab2_2.UnitTestProject1.MyQueueTests::Remove_CantDeleteUncontainedItemFromCollection_False()" strategy="NUnitTest" />
        <TrackedMethod uid="11" token="100663307" name="System.Void Lab2_2.UnitTestProject1.MyQueueTests::Remove_CantDeleteItemFromCollection_Exeption()" strategy="NUnitTest" />
        <TrackedMethod uid="12" token="100663308" name="System.Void Lab2_2.UnitTestProject1.MyQueueTests::Enqueue_AddItemInCollection_SuccessfulAdd()" strategy="NUnitTest" />
        <TrackedMethod uid="13" token="100663309" name="System.Void Lab2_2.UnitTestProject1.MyQueueTests::Dequeue_DeleteFirstItemFromCollection_DeletedItem()" strategy="NUnitTest" />
        <TrackedMethod uid="14" token="100663310" name="System.Void Lab2_2.UnitTestProject1.MyQueueTests::Peek_FindFirstItemFromCollection_FirstItemFromCollection()" strategy="NUnitTest" />
        <TrackedMethod uid="15" token="100663311" name="System.Void Lab2_2.UnitTestProject1.MyQueueTests::Peek_CantFindFirstItemFromEmptyCollection_Exeption()" strategy="NUnitTest" />
        <TrackedMethod uid="16" token="100663312" name="System.Void Lab2_2.UnitTestProject1.MyQueueTests::Count_CalcCountOfElementsInCollection_CountOfElementsInCollection()" strategy="NUnitTest" />
      </TrackedMethods>
    </Module>
  </Modules>
</CoverageSession>